<?xml version="1.0" encoding="UTF-8"?>
<testng-results skipped="0" failed="0" ignored="0" total="1" passed="1">
  <reporter-output>
  </reporter-output>
  <suite name="NewAutomationProject.PlansAutomation.LoginTest" duration-ms="10284" started-at="2017-12-21T02:07:20Z" finished-at="2017-12-21T02:07:30Z">
    <groups>
    </groups>
    <test name="Command line test" duration-ms="10284" started-at="2017-12-21T02:07:20Z" finished-at="2017-12-21T02:07:30Z">
      <class name="NewAutomationProject.PlansAutomation.LoginTest">
        <test-method status="PASS" signature="setUp()[pri:0, instance:NewAutomationProject.PlansAutomation.LoginTest@17550481]" name="setUp" is-config="true" duration-ms="4718" started-at="2017-12-20T19:07:20Z" finished-at="2017-12-20T19:07:24Z">
          <reporter-output>
          </reporter-output>
        </test-method> <!-- setUp -->
        <test-method status="PASS" signature="doLogin()[pri:0, instance:NewAutomationProject.PlansAutomation.LoginTest@17550481]" name="doLogin" duration-ms="3962" started-at="2017-12-20T19:07:24Z" finished-at="2017-12-20T19:07:28Z">
          <reporter-output>
          </reporter-output>
        </test-method> <!-- doLogin -->
        <test-method status="PASS" signature="tearDown()[pri:0, instance:NewAutomationProject.PlansAutomation.LoginTest@17550481]" name="tearDown" is-config="true" duration-ms="1586" started-at="2017-12-20T19:07:28Z" finished-at="2017-12-20T19:07:30Z">
          <reporter-output>
          </reporter-output>
        </test-method> <!-- tearDown -->
      </class> <!-- NewAutomationProject.PlansAutomation.LoginTest -->
    </test> <!-- Command line test -->
  </suite> <!-- NewAutomationProject.PlansAutomation.LoginTest -->
</testng-results>
